<?xml version="1.0" encoding="UTF-8"?>
<!-- Generated by org.testng.reporters.JUnitReportReporter -->
<testsuite hostname="DESKTOP-2MSDP57" failures="0" tests="1" name="testPackage.CreateUserManager" time="35.895" errors="0" timestamp="19 Mar 2024 14:40:02 GMT" skipped="0">
  <testcase classname="testPackage.CreateUserManager" name="createUserManagerTC" time="35.895"/>
</testsuite> <!-- testPackage.CreateUserManager -->
