<?xml version="1.0" encoding="UTF-8"?>
<!-- Generated by org.testng.reporters.JUnitReportReporter -->
<testsuite hostname="DESKTOP-2MSDP57" failures="0" tests="1" name="testPackage.InvalidLoginTestCase" time="57.567" errors="0" timestamp="19 Mar 2024 14:40:02 GMT" skipped="0">
  <testcase classname="testPackage.InvalidLoginTestCase" name="invalidLogin" time="57.567"/>
</testsuite> <!-- testPackage.InvalidLoginTestCase -->
